<?xml version="1.0" encoding="UTF-8"?>
<testsuite xmlns:xsi="http://www.w3.org/2001/XMLSchema-instance" xsi:noNamespaceSchemaLocation="https://maven.apache.org/surefire/maven-surefire-plugin/xsd/surefire-test-report-3.0.xsd" version="3.0" name="eu.jpereira.trainings.designpatterns.behavioral.visitor.filtering.FilterTest" time="0.003" tests="2" errors="0" skipped="0" failures="0">
  <properties>
[...]
</properties>
  <testcase name="testTemperatureFilterFilter" classname="eu.jpereira.trainings.designpatterns.behavioral.visitor.filtering.FilterTest" time="0.001">
    <system-out><![CDATA[Produced 654 alarms with temp higher than 350
Filtered :654 Results
]]></system-out>
  </testcase>
  <testcase name="testHumidityFilterFilter" classname="eu.jpereira.trainings.designpatterns.behavioral.visitor.filtering.FilterTest" time="0.001">
    <system-out><![CDATA[Produced 702 alarms with temp higher than 30
Filtered :702 Results
]]></system-out>
  </testcase>
</testsuite>