<?xml version="1.0" encoding="UTF-8"?>
<testsuite xmlns:xsi="http://www.w3.org/2001/XMLSchema-instance" xsi:noNamespaceSchemaLocation="https://maven.apache.org/surefire/maven-surefire-plugin/xsd/surefire-test-report-3.0.xsd" version="3.0" name="eu.jpereira.trainings.designpatterns.creational.singleton.ReportBuilderTest" time="0.358" tests="3" errors="0" skipped="0" failures="0">
  <properties>
[...]
</properties>
  <testcase name="measureInitializeTime" classname="eu.jpereira.trainings.designpatterns.creational.singleton.ReportBuilderTest" time="0.183">
    <system-out><![CDATA[Getting instance for Thread 1
Instance is null for Thread 1
Returing 815992954 instance to Thread 1
First call took: 173 ms
Getting instance for Thread 1
Second call took: 0 ms
]]></system-out>
  </testcase>
  <testcase name="testGetSingleton" classname="eu.jpereira.trainings.designpatterns.creational.singleton.ReportBuilderTest" time="0.073">
    <system-out><![CDATA[Getting instance for Thread 1
Instance is null for Thread 1
Returing 2054574951 instance to Thread 1
]]></system-out>
  </testcase>
  <testcase name="testMultiThreading" classname="eu.jpereira.trainings.designpatterns.creational.singleton.ReportBuilderTest" time="0.077">
    <system-out><![CDATA[Getting instance for Thread 25
Instance is null for Thread 25
Returing 1805037212 instance to Thread 25
Getting instance for Thread 34
Getting instance for Thread 33
Thread 25 died!
Getting instance for Thread 32
Getting instance for Thread 31
Getting instance for Thread 30
Getting instance for Thread 29
Getting instance for Thread 28
Getting instance for Thread 27
Getting instance for Thread 26
Thread 26 died!
Thread 27 died!
Thread 28 died!
Thread 29 died!
Thread 30 died!
Thread 31 died!
Thread 32 died!
Thread 33 died!
Thread 34 died!
]]></system-out>
  </testcase>
</testsuite>